TN:
SF:src/app/file:/home/Bhoopm/Boopathy/NodeJS/ShoppingCartSQL/src/app/app.ts
FN:37,(anonymous_1)
FN:49,(anonymous_2)
FNF:2
FNH:2
FNDA:31,(anonymous_1)
FNDA:1,(anonymous_2)
DA:1,1
DA:2,1
DA:3,1
DA:4,1
DA:6,1
DA:7,1
DA:8,1
DA:9,1
DA:10,1
DA:12,1
DA:22,1
DA:24,1
DA:25,1
DA:28,1
DA:29,1
DA:31,1
DA:33,1
DA:35,1
DA:37,1
DA:38,31
DA:39,31
DA:42,1
DA:43,1
DA:44,1
DA:46,1
DA:48,1
DA:55,1
DA:61,1
LF:28
LH:28
BRDA:61,0,0,1
BRDA:61,0,1,0
BRF:2
BRH:1
end_of_record
TN:
SF:src/controllers/file:/home/Bhoopm/Boopathy/NodeJS/ShoppingCartSQL/src/controllers/landing.ts
FN:7,(anonymous_0)
FNF:1
FNH:1
FNDA:1,(anonymous_0)
DA:7,1
DA:12,1
LF:2
LH:2
BRF:0
BRH:0
end_of_record
TN:
SF:src/controllers/file:/home/Bhoopm/Boopathy/NodeJS/ShoppingCartSQL/src/controllers/posts.ts
FN:8,(anonymous_8)
FN:12,(anonymous_9)
FN:33,(anonymous_10)
FN:45,(anonymous_11)
FN:49,(anonymous_12)
FN:71,(anonymous_13)
FN:75,(anonymous_14)
FN:94,(anonymous_15)
FN:98,(anonymous_16)
FNF:9
FNH:9
FNDA:2,(anonymous_8)
FNDA:2,(anonymous_9)
FNDA:1,(anonymous_10)
FNDA:2,(anonymous_11)
FNDA:2,(anonymous_12)
FNDA:2,(anonymous_13)
FNDA:2,(anonymous_14)
FNDA:3,(anonymous_15)
FNDA:3,(anonymous_16)
DA:2,1
DA:8,1
DA:12,2
DA:13,2
DA:14,2
DA:15,2
DA:16,2
DA:17,1
DA:19,1
DA:20,1
DA:25,1
DA:26,1
DA:33,1
DA:38,1
DA:45,1
DA:49,2
DA:50,2
DA:51,2
DA:52,2
DA:53,2
DA:54,2
DA:55,1
DA:56,1
DA:57,1
DA:58,1
DA:61,1
DA:63,1
DA:64,1
DA:71,1
DA:75,2
DA:76,2
DA:78,2
DA:79,2
DA:80,2
DA:82,2
DA:83,1
DA:86,1
DA:88,1
DA:94,1
DA:98,3
DA:99,3
DA:100,3
DA:101,3
DA:102,3
DA:103,1
DA:105,2
DA:106,2
DA:111,1
LF:48
LH:48
BRDA:16,0,0,1
BRDA:16,0,1,1
BRDA:54,1,0,1
BRDA:54,1,1,1
BRDA:54,2,0,2
BRDA:54,2,1,2
BRDA:54,2,2,1
BRDA:57,3,0,1
BRDA:57,3,1,0
BRDA:82,4,0,1
BRDA:82,4,1,1
BRDA:102,5,0,1
BRDA:102,5,1,2
BRF:13
BRH:12
end_of_record
TN:
SF:src/controllers/file:/home/Bhoopm/Boopathy/NodeJS/ShoppingCartSQL/src/controllers/user.ts
FN:14,(anonymous_8)
FN:31,(anonymous_9)
FN:49,(anonymous_10)
FN:49,(anonymous_11)
FN:79,(anonymous_12)
FN:83,(anonymous_13)
FN:108,(anonymous_14)
FN:112,(anonymous_15)
FN:127,(anonymous_16)
FN:131,(anonymous_17)
FN:140,(anonymous_18)
FN:144,(anonymous_19)
FNF:12
FNH:12
FNDA:1,(anonymous_8)
FNDA:1,(anonymous_9)
FNDA:2,(anonymous_10)
FNDA:2,(anonymous_11)
FNDA:3,(anonymous_12)
FNDA:3,(anonymous_13)
FNDA:2,(anonymous_14)
FNDA:2,(anonymous_15)
FNDA:2,(anonymous_16)
FNDA:2,(anonymous_17)
FNDA:3,(anonymous_18)
FNDA:3,(anonymous_19)
DA:2,1
DA:3,1
DA:4,1
DA:14,1
DA:19,1
DA:31,1
DA:36,1
DA:49,2
DA:50,2
DA:51,2
DA:52,2
DA:53,1
DA:54,1
DA:55,1
DA:56,1
DA:57,1
DA:69,1
DA:71,1
DA:72,1
DA:79,1
DA:83,3
DA:84,3
DA:86,3
DA:87,3
DA:88,3
DA:89,3
DA:90,1
DA:91,1
DA:92,1
DA:93,1
DA:100,2
DA:101,2
DA:108,1
DA:112,2
DA:113,2
DA:114,2
DA:115,2
DA:127,1
DA:131,2
DA:132,2
DA:133,2
DA:134,2
DA:140,1
DA:144,3
DA:145,3
DA:146,3
DA:147,3
DA:148,3
DA:149,3
DA:150,1
DA:153,1
DA:154,1
DA:155,1
DA:157,1
DA:163,1
LF:55
LH:55
BRDA:52,0,0,1
BRDA:52,0,1,1
BRDA:52,1,0,2
BRDA:52,1,1,1
BRDA:56,2,0,1
BRDA:56,2,1,0
BRDA:90,3,0,1
BRDA:90,3,1,0
BRDA:92,4,0,1
BRDA:92,4,1,0
BRDA:149,5,0,1
BRDA:149,5,1,1
BRF:12
BRH:9
end_of_record
TN:
SF:src/middleware/file:/home/Bhoopm/Boopathy/NodeJS/ShoppingCartSQL/src/middleware/isAuth.ts
FN:14,(anonymous_8)
FN:18,(anonymous_9)
FNF:2
FNH:2
FNDA:20,(anonymous_8)
FNDA:20,(anonymous_9)
DA:2,1
DA:4,1
DA:14,1
DA:18,20
DA:19,20
DA:20,20
DA:21,3
DA:26,17
DA:27,17
DA:28,17
DA:29,16
DA:33,15
DA:34,15
DA:35,15
DA:37,1
DA:42,1
DA:43,1
DA:49,1
LF:18
LH:18
BRDA:20,0,0,3
BRDA:20,0,1,17
BRDA:28,1,0,16
BRDA:28,1,1,1
BRF:4
BRH:4
end_of_record
TN:
SF:src/models/file:/home/Bhoopm/Boopathy/NodeJS/ShoppingCartSQL/src/models/posts.ts
FN:8,(anonymous_1)
FN:20,(anonymous_2)
FN:27,(anonymous_3)
FN:31,(anonymous_4)
FN:35,(anonymous_5)
FNF:5
FNH:5
FNDA:8,(anonymous_1)
FNDA:1,(anonymous_2)
FNDA:2,(anonymous_3)
FNDA:2,(anonymous_4)
FNDA:1,(anonymous_5)
DA:1,1
DA:3,1
DA:14,8
DA:15,8
DA:16,8
DA:17,8
DA:21,1
DA:28,2
DA:32,2
DA:36,1
LF:10
LH:10
BRF:0
BRH:0
end_of_record
TN:
SF:src/models/file:/home/Bhoopm/Boopathy/NodeJS/ShoppingCartSQL/src/models/user.ts
FN:6,(anonymous_1)
FN:11,(anonymous_2)
FN:18,(anonymous_3)
FN:22,(anonymous_4)
FN:28,(anonymous_5)
FNF:5
FNH:5
FNDA:9,(anonymous_1)
FNDA:1,(anonymous_2)
FNDA:2,(anonymous_3)
FNDA:3,(anonymous_4)
FNDA:3,(anonymous_5)
DA:1,1
DA:3,1
DA:7,9
DA:8,9
DA:12,1
DA:19,2
DA:23,3
DA:24,2
DA:29,3
DA:30,2
LF:10
LH:10
BRDA:7,0,0,3
BRDA:7,0,1,6
BRDA:7,1,0,9
BRDA:7,1,1,4
BRDA:8,2,0,3
BRDA:8,2,1,6
BRDA:8,3,0,9
BRDA:8,3,1,4
BRDA:23,4,0,2
BRDA:23,4,1,1
BRDA:29,5,0,2
BRDA:29,5,1,1
BRF:12
BRH:12
end_of_record
TN:
SF:src/routes/file:/home/Bhoopm/Boopathy/NodeJS/ShoppingCartSQL/src/routes/error404.ts
FN:5,(anonymous_1)
FNF:1
FNH:1
FNDA:1,(anonymous_1)
DA:1,1
DA:3,1
DA:5,1
DA:6,1
DA:8,1
DA:13,1
LF:6
LH:6
BRF:0
BRH:0
end_of_record
TN:
SF:src/routes/file:/home/Bhoopm/Boopathy/NodeJS/ShoppingCartSQL/src/routes/headers.ts
FN:5,(anonymous_1)
FNF:1
FNH:1
FNDA:31,(anonymous_1)
DA:1,1
DA:3,1
DA:5,1
DA:6,31
DA:10,31
DA:13,1
LF:6
LH:6
BRF:0
BRH:0
end_of_record
TN:
SF:src/routes/file:/home/Bhoopm/Boopathy/NodeJS/ShoppingCartSQL/src/routes/landing.ts
FNF:0
FNH:0
DA:1,1
DA:2,1
DA:4,1
DA:6,1
DA:8,1
LF:5
LH:5
BRF:0
BRH:0
end_of_record
TN:
SF:src/routes/file:/home/Bhoopm/Boopathy/NodeJS/ShoppingCartSQL/src/routes/posts.ts
FNF:0
FNH:0
DA:1,1
DA:2,1
DA:9,1
DA:11,1
DA:13,1
DA:14,1
DA:15,1
DA:16,1
DA:17,1
DA:19,1
LF:10
LH:10
BRF:0
BRH:0
end_of_record
TN:
SF:src/routes/file:/home/Bhoopm/Boopathy/NodeJS/ShoppingCartSQL/src/routes/user.ts
FNF:0
FNH:0
DA:1,1
DA:2,1
DA:11,1
DA:13,1
DA:15,1
DA:16,1
DA:18,1
DA:19,1
DA:20,1
DA:22,1
DA:23,1
DA:25,1
LF:12
LH:12
BRF:0
BRH:0
end_of_record
TN:
SF:src/util/file:/home/Bhoopm/Boopathy/NodeJS/ShoppingCartSQL/src/util/config.ts
FNF:0
FNH:0
DA:1,1
DA:2,1
DA:3,1
LF:3
LH:3
BRF:0
BRH:0
end_of_record
TN:
SF:src/util/file:/home/Bhoopm/Boopathy/NodeJS/ShoppingCartSQL/src/util/database.ts
FNF:0
FNH:0
DA:1,1
DA:2,1
DA:4,1
DA:11,1
LF:4
LH:4
BRF:0
BRH:0
end_of_record
TN:
SF:src/util/file:/home/Bhoopm/Boopathy/NodeJS/ShoppingCartSQL/src/util/signJWT.ts
FN:9,(anonymous_1)
FNF:1
FNH:1
FNDA:1,(anonymous_1)
DA:1,1
DA:2,1
DA:9,1
DA:10,1
DA:23,1
LF:5
LH:5
BRF:0
BRH:0
end_of_record
